{"obj": {"type": "AssignString", "path": ["sys", "description"], "value": ""}, "version": 1, "at": 1746772164.122099}
{"obj": {"type": "AssignString", "path": ["monitoring", "87ab2984", "hostname"], "value": "HOMEGYOR"}, "version": 2, "at": 1746772164.122099}
{"obj": {"type": "AssignString", "path": ["sys", "hostname"], "value": "HOMEGYOR"}, "version": 3, "at": 1746772164.122099}
{"obj": {"type": "AssignString", "path": ["monitoring", "87ab2984", "pid"], "value": "2052"}, "version": 4, "at": 1746772164.122099}
{"obj": {"type": "AssignString", "path": ["monitoring", "87ab2984", "tid"], "value": "18192"}, "version": 5, "at": 1746772164.122099}
{"obj": {"type": "AddStrings", "path": ["sys", "tags"], "values": ["iris-dataset", "notebook", "exploration"]}, "version": 6, "at": 1746772164.1230962}
{"obj": {"type": "AssignBool", "path": ["sys", "failed"], "value": false}, "version": 7, "at": 1746772164.1230962}
{"obj": {"type": "AssignFloat", "path": ["data", "train_stats", "sepal length (cm)", "count"], "value": 120.0}, "version": 8, "at": 1746772182.862818}
{"obj": {"type": "AssignFloat", "path": ["data", "train_stats", "sepal length (cm)", "mean"], "value": 5.841666666666667}, "version": 9, "at": 1746772182.862818}
{"obj": {"type": "AssignFloat", "path": ["data", "train_stats", "sepal length (cm)", "std"], "value": 0.8409261933993364}, "version": 10, "at": 1746772182.862818}
{"obj": {"type": "AssignFloat", "path": ["data", "train_stats", "sepal length (cm)", "min"], "value": 4.3}, "version": 11, "at": 1746772182.862818}
{"obj": {"type": "AssignFloat", "path": ["data", "train_stats", "sepal length (cm)", "25%"], "value": 5.1}, "version": 12, "at": 1746772182.862818}
{"obj": {"type": "AssignFloat", "path": ["data", "train_stats", "sepal length (cm)", "50%"], "value": 5.75}, "version": 13, "at": 1746772182.862818}
{"obj": {"type": "AssignFloat", "path": ["data", "train_stats", "sepal length (cm)", "75%"], "value": 6.4}, "version": 14, "at": 1746772182.863824}
{"obj": {"type": "AssignFloat", "path": ["data", "train_stats", "sepal length (cm)", "max"], "value": 7.9}, "version": 15, "at": 1746772182.863824}
{"obj": {"type": "AssignFloat", "path": ["data", "train_stats", "sepal width (cm)", "count"], "value": 120.0}, "version": 16, "at": 1746772182.863824}
{"obj": {"type": "AssignFloat", "path": ["data", "train_stats", "sepal width (cm)", "mean"], "value": 3.048333333333333}, "version": 17, "at": 1746772182.863824}
{"obj": {"type": "AssignFloat", "path": ["data", "train_stats", "sepal width (cm)", "std"], "value": 0.4485238783696885}, "version": 18, "at": 1746772182.863824}
{"obj": {"type": "AssignFloat", "path": ["data", "train_stats", "sepal width (cm)", "min"], "value": 2.0}, "version": 19, "at": 1746772182.863824}
{"obj": {"type": "AssignFloat", "path": ["data", "train_stats", "sepal width (cm)", "25%"], "value": 2.8}, "version": 20, "at": 1746772182.863824}
{"obj": {"type": "AssignFloat", "path": ["data", "train_stats", "sepal width (cm)", "50%"], "value": 3.0}, "version": 21, "at": 1746772182.863824}
{"obj": {"type": "AssignFloat", "path": ["data", "train_stats", "sepal width (cm)", "75%"], "value": 3.3249999999999997}, "version": 22, "at": 1746772182.863824}
{"obj": {"type": "AssignFloat", "path": ["data", "train_stats", "sepal width (cm)", "max"], "value": 4.4}, "version": 23, "at": 1746772182.863824}
{"obj": {"type": "AssignFloat", "path": ["data", "train_stats", "petal length (cm)", "count"], "value": 120.0}, "version": 24, "at": 1746772182.863824}
{"obj": {"type": "AssignFloat", "path": ["data", "train_stats", "petal length (cm)", "mean"], "value": 3.77}, "version": 25, "at": 1746772182.863824}
{"obj": {"type": "AssignFloat", "path": ["data", "train_stats", "petal length (cm)", "std"], "value": 1.7685202474233135}, "version": 26, "at": 1746772182.863824}
{"obj": {"type": "AssignFloat", "path": ["data", "train_stats", "petal length (cm)", "min"], "value": 1.1}, "version": 27, "at": 1746772182.863824}
{"obj": {"type": "AssignFloat", "path": ["data", "train_stats", "petal length (cm)", "25%"], "value": 1.6}, "version": 28, "at": 1746772182.863824}
{"obj": {"type": "AssignFloat", "path": ["data", "train_stats", "petal length (cm)", "50%"], "value": 4.25}, "version": 29, "at": 1746772182.863824}
{"obj": {"type": "AssignFloat", "path": ["data", "train_stats", "petal length (cm)", "75%"], "value": 5.1}, "version": 30, "at": 1746772182.863824}
{"obj": {"type": "AssignFloat", "path": ["data", "train_stats", "petal length (cm)", "max"], "value": 6.9}, "version": 31, "at": 1746772182.863824}
{"obj": {"type": "AssignFloat", "path": ["data", "train_stats", "petal width (cm)", "count"], "value": 120.0}, "version": 32, "at": 1746772182.863824}
{"obj": {"type": "AssignFloat", "path": ["data", "train_stats", "petal width (cm)", "mean"], "value": 1.2049999999999998}, "version": 33, "at": 1746772182.863824}
{"obj": {"type": "AssignFloat", "path": ["data", "train_stats", "petal width (cm)", "std"], "value": 0.7626634003181705}, "version": 34, "at": 1746772182.863824}
{"obj": {"type": "AssignFloat", "path": ["data", "train_stats", "petal width (cm)", "min"], "value": 0.1}, "version": 35, "at": 1746772182.863824}
{"obj": {"type": "AssignFloat", "path": ["data", "train_stats", "petal width (cm)", "25%"], "value": 0.3}, "version": 36, "at": 1746772182.863824}
{"obj": {"type": "AssignFloat", "path": ["data", "train_stats", "petal width (cm)", "50%"], "value": 1.3}, "version": 37, "at": 1746772182.863824}
{"obj": {"type": "AssignFloat", "path": ["data", "train_stats", "petal width (cm)", "75%"], "value": 1.8}, "version": 38, "at": 1746772182.863824}
{"obj": {"type": "AssignFloat", "path": ["data", "train_stats", "petal width (cm)", "max"], "value": 2.5}, "version": 39, "at": 1746772182.863824}
{"obj": {"type": "AssignFloat", "path": ["data", "train_stats", "target", "count"], "value": 120.0}, "version": 40, "at": 1746772182.863824}
{"obj": {"type": "AssignFloat", "path": ["data", "train_stats", "target", "mean"], "value": 1.0}, "version": 41, "at": 1746772182.863824}
{"obj": {"type": "AssignFloat", "path": ["data", "train_stats", "target", "std"], "value": 0.8199200616907878}, "version": 42, "at": 1746772182.863824}
{"obj": {"type": "AssignFloat", "path": ["data", "train_stats", "target", "min"], "value": 0.0}, "version": 43, "at": 1746772182.863824}
{"obj": {"type": "AssignFloat", "path": ["data", "train_stats", "target", "25%"], "value": 0.0}, "version": 44, "at": 1746772182.863824}
{"obj": {"type": "AssignFloat", "path": ["data", "train_stats", "target", "50%"], "value": 1.0}, "version": 45, "at": 1746772182.863824}
{"obj": {"type": "AssignFloat", "path": ["data", "train_stats", "target", "75%"], "value": 2.0}, "version": 46, "at": 1746772182.863824}
{"obj": {"type": "AssignFloat", "path": ["data", "train_stats", "target", "max"], "value": 2.0}, "version": 47, "at": 1746772182.863824}
{"obj": {"type": "AssignFloat", "path": ["data", "test_stats", "sepal length (cm)", "count"], "value": 30.0}, "version": 48, "at": 1746772182.8648312}
{"obj": {"type": "AssignFloat", "path": ["data", "test_stats", "sepal length (cm)", "mean"], "value": 5.849999999999999}, "version": 49, "at": 1746772182.8648312}
{"obj": {"type": "AssignFloat", "path": ["data", "test_stats", "sepal length (cm)", "std"], "value": 0.788166794880198}, "version": 50, "at": 1746772182.8648312}
{"obj": {"type": "AssignFloat", "path": ["data", "test_stats", "sepal length (cm)", "min"], "value": 4.4}, "version": 51, "at": 1746772182.8648312}
{"obj": {"type": "AssignFloat", "path": ["data", "test_stats", "sepal length (cm)", "25%"], "value": 5.25}, "version": 52, "at": 1746772182.8648312}
{"obj": {"type": "AssignFloat", "path": ["data", "test_stats", "sepal length (cm)", "50%"], "value": 6.05}, "version": 53, "at": 1746772182.8648312}
{"obj": {"type": "AssignFloat", "path": ["data", "test_stats", "sepal length (cm)", "75%"], "value": 6.5}, "version": 54, "at": 1746772182.8648312}
{"obj": {"type": "AssignFloat", "path": ["data", "test_stats", "sepal length (cm)", "max"], "value": 7.3}, "version": 55, "at": 1746772182.8648312}
{"obj": {"type": "AssignFloat", "path": ["data", "test_stats", "sepal width (cm)", "count"], "value": 30.0}, "version": 56, "at": 1746772182.8648312}
{"obj": {"type": "AssignFloat", "path": ["data", "test_stats", "sepal width (cm)", "mean"], "value": 3.0933333333333337}, "version": 57, "at": 1746772182.8648312}
{"obj": {"type": "AssignFloat", "path": ["data", "test_stats", "sepal width (cm)", "std"], "value": 0.3859009461375873}, "version": 58, "at": 1746772182.8648312}
{"obj": {"type": "AssignFloat", "path": ["data", "test_stats", "sepal width (cm)", "min"], "value": 2.3}, "version": 59, "at": 1746772182.8648312}
{"obj": {"type": "AssignFloat", "path": ["data", "test_stats", "sepal width (cm)", "25%"], "value": 2.925}, "version": 60, "at": 1746772182.8648312}
{"obj": {"type": "AssignFloat", "path": ["data", "test_stats", "sepal width (cm)", "50%"], "value": 3.0}, "version": 61, "at": 1746772182.8648312}
{"obj": {"type": "AssignFloat", "path": ["data", "test_stats", "sepal width (cm)", "75%"], "value": 3.3}, "version": 62, "at": 1746772182.8648312}
{"obj": {"type": "AssignFloat", "path": ["data", "test_stats", "sepal width (cm)", "max"], "value": 4.0}, "version": 63, "at": 1746772182.8648312}
{"obj": {"type": "AssignFloat", "path": ["data", "test_stats", "petal length (cm)", "count"], "value": 30.0}, "version": 64, "at": 1746772182.8648312}
{"obj": {"type": "AssignFloat", "path": ["data", "test_stats", "petal length (cm)", "mean"], "value": 3.71}, "version": 65, "at": 1746772182.8648312}
{"obj": {"type": "AssignFloat", "path": ["data", "test_stats", "petal length (cm)", "std"], "value": 1.781582016848683}, "version": 66, "at": 1746772182.8648312}
{"obj": {"type": "AssignFloat", "path": ["data", "test_stats", "petal length (cm)", "min"], "value": 1.0}, "version": 67, "at": 1746772182.8648312}
{"obj": {"type": "AssignFloat", "path": ["data", "test_stats", "petal length (cm)", "25%"], "value": 1.55}, "version": 68, "at": 1746772182.8648312}
{"obj": {"type": "AssignFloat", "path": ["data", "test_stats", "petal length (cm)", "50%"], "value": 4.5}, "version": 69, "at": 1746772182.8648312}
{"obj": {"type": "AssignFloat", "path": ["data", "test_stats", "petal length (cm)", "75%"], "value": 5.074999999999999}, "version": 70, "at": 1746772182.8648312}
{"obj": {"type": "AssignFloat", "path": ["data", "test_stats", "petal length (cm)", "max"], "value": 6.3}, "version": 71, "at": 1746772182.8648312}
{"obj": {"type": "AssignFloat", "path": ["data", "test_stats", "petal width (cm)", "count"], "value": 30.0}, "version": 72, "at": 1746772182.8648312}
{"obj": {"type": "AssignFloat", "path": ["data", "test_stats", "petal width (cm)", "mean"], "value": 1.1766666666666665}, "version": 73, "at": 1746772182.8658233}
{"obj": {"type": "AssignFloat", "path": ["data", "test_stats", "petal width (cm)", "std"], "value": 0.7731187772122476}, "version": 74, "at": 1746772182.8658233}
{"obj": {"type": "AssignFloat", "path": ["data", "test_stats", "petal width (cm)", "min"], "value": 0.2}, "version": 75, "at": 1746772182.8658233}
{"obj": {"type": "AssignFloat", "path": ["data", "test_stats", "petal width (cm)", "25%"], "value": 0.2}, "version": 76, "at": 1746772182.8658233}
{"obj": {"type": "AssignFloat", "path": ["data", "test_stats", "petal width (cm)", "50%"], "value": 1.4}, "version": 77, "at": 1746772182.8658233}
{"obj": {"type": "AssignFloat", "path": ["data", "test_stats", "petal width (cm)", "75%"], "value": 1.8}, "version": 78, "at": 1746772182.8658233}
{"obj": {"type": "AssignFloat", "path": ["data", "test_stats", "petal width (cm)", "max"], "value": 2.4}, "version": 79, "at": 1746772182.8658233}
{"obj": {"type": "AssignFloat", "path": ["data", "test_stats", "target", "count"], "value": 30.0}, "version": 80, "at": 1746772182.8658233}
{"obj": {"type": "AssignFloat", "path": ["data", "test_stats", "target", "mean"], "value": 1.0}, "version": 81, "at": 1746772182.8658233}
{"obj": {"type": "AssignFloat", "path": ["data", "test_stats", "target", "std"], "value": 0.8304547985373997}, "version": 82, "at": 1746772182.8658233}
{"obj": {"type": "AssignFloat", "path": ["data", "test_stats", "target", "min"], "value": 0.0}, "version": 83, "at": 1746772182.8658233}
{"obj": {"type": "AssignFloat", "path": ["data", "test_stats", "target", "25%"], "value": 0.0}, "version": 84, "at": 1746772182.8658233}
{"obj": {"type": "AssignFloat", "path": ["data", "test_stats", "target", "50%"], "value": 1.0}, "version": 85, "at": 1746772182.8658233}
{"obj": {"type": "AssignFloat", "path": ["data", "test_stats", "target", "75%"], "value": 2.0}, "version": 86, "at": 1746772182.8658233}
{"obj": {"type": "AssignFloat", "path": ["data", "test_stats", "target", "max"], "value": 2.0}, "version": 87, "at": 1746772182.8658233}
{"obj": {"type": "UploadFile", "path": ["visualizations", "feature_distributions"], "ext": "png", "file_path": null, "tmp_file_name": "visualizations_feature_distributions-1746772206.316986-2025-05-09_08.30.06.316986.png", "clean_after_upload": false}, "version": 88, "at": 1746772206.3169866}
{"obj": {"type": "UploadFile", "path": ["visualizations", "feature_distributions"], "ext": "png", "file_path": null, "tmp_file_name": "visualizations_feature_distributions-1746772215.945834-2025-05-09_08.30.15.945834.png", "clean_after_upload": false}, "version": 89, "at": 1746772215.946834}
{"obj": {"type": "AssignFloat", "path": ["model", "accuracy"], "value": 0.9333333333333333}, "version": 90, "at": 1746772296.14139}
{"obj": {"type": "AssignFloat", "path": ["model", "feature_importance", "sepal length (cm)"], "value": 0.0062499999999999995}, "version": 91, "at": 1746772296.1422393}
{"obj": {"type": "AssignFloat", "path": ["model", "feature_importance", "sepal width (cm)"], "value": 0.02916666666666666}, "version": 92, "at": 1746772296.1422393}
{"obj": {"type": "AssignFloat", "path": ["model", "feature_importance", "petal length (cm)"], "value": 0.5585682957393484}, "version": 93, "at": 1746772296.1422393}
{"obj": {"type": "AssignFloat", "path": ["model", "feature_importance", "petal width (cm)"], "value": 0.406015037593985}, "version": 94, "at": 1746772296.1422393}
{"obj": {"type": "AssignFloat", "path": ["drift", "sepal length (cm)", "mean_difference"], "value": 0.008333333333331971}, "version": 95, "at": 1746772296.143536}
{"obj": {"type": "AssignFloat", "path": ["drift", "sepal length (cm)", "std_difference"], "value": -0.06249565333647}, "version": 96, "at": 1746772296.143536}
{"obj": {"type": "AssignFloat", "path": ["drift", "sepal width (cm)", "mean_difference"], "value": 0.04500000000000082}, "version": 97, "at": 1746772296.143536}
{"obj": {"type": "AssignFloat", "path": ["drift", "sepal width (cm)", "std_difference"], "value": -0.06723636512887127}, "version": 98, "at": 1746772296.143536}
{"obj": {"type": "AssignFloat", "path": ["drift", "petal length (cm)", "mean_difference"], "value": -0.06000000000000005}, "version": 99, "at": 1746772296.143536}
{"obj": {"type": "AssignFloat", "path": ["drift", "petal length (cm)", "std_difference"], "value": -0.009498667738346178}, "version": 100, "at": 1746772296.143536}
{"obj": {"type": "AssignFloat", "path": ["drift", "petal width (cm)", "mean_difference"], "value": -0.02833333333333332}, "version": 101, "at": 1746772296.143536}
{"obj": {"type": "AssignFloat", "path": ["drift", "petal width (cm)", "std_difference"], "value": 0.0006452707688923143}, "version": 102, "at": 1746772296.143536}
